0 info it worked if it ends with ok
1 verbose cli [ '/usr/bin/nodejs', '/usr/bin/npm', 'install', 'jsonwebtoken' ]
2 info using npm@3.6.0
3 info using node@v5.7.0
4 silly loadCurrentTree Starting
5 silly install loadCurrentTree
6 silly install readLocalPackageData
7 silly fetchPackageMetaData jsonwebtoken
8 silly fetchNamedPackageData jsonwebtoken
9 silly mapToRegistry name jsonwebtoken
10 silly mapToRegistry using default registry
11 silly mapToRegistry registry https://registry.npmjs.org/
12 silly mapToRegistry uri https://registry.npmjs.org/jsonwebtoken
13 verbose request uri https://registry.npmjs.org/jsonwebtoken
14 verbose request no auth needed
15 info attempt registry request try #1 at 4:47:37 AM
16 verbose request id 505938979b378d10
17 http request GET https://registry.npmjs.org/jsonwebtoken
18 info retry will retry, error on last attempt: Error: getaddrinfo EAI_AGAIN registry.npmjs.org:443
19 info attempt registry request try #2 at 4:47:47 AM
20 http request GET https://registry.npmjs.org/jsonwebtoken
21 info retry will retry, error on last attempt: Error: getaddrinfo EAI_AGAIN registry.npmjs.org:443
22 info attempt registry request try #3 at 4:48:47 AM
23 http request GET https://registry.npmjs.org/jsonwebtoken
24 silly fetchPackageMetaData Error: getaddrinfo EAI_AGAIN registry.npmjs.org:443
24 silly fetchPackageMetaData     at Object.exports._errnoException (util.js:856:11)
24 silly fetchPackageMetaData     at errnoException (dns.js:31:15)
24 silly fetchPackageMetaData     at GetAddrInfoReqWrap.onlookup [as oncomplete] (dns.js:77:26)
24 silly fetchPackageMetaData  error for jsonwebtoken { [Error: getaddrinfo EAI_AGAIN registry.npmjs.org:443]
24 silly fetchPackageMetaData   code: 'EAI_AGAIN',
24 silly fetchPackageMetaData   errno: 'EAI_AGAIN',
24 silly fetchPackageMetaData   syscall: 'getaddrinfo',
24 silly fetchPackageMetaData   hostname: 'registry.npmjs.org',
24 silly fetchPackageMetaData   host: 'registry.npmjs.org',
24 silly fetchPackageMetaData   port: 443 }
25 silly rollbackFailedOptional Starting
26 silly rollbackFailedOptional Finishing
27 silly runTopLevelLifecycles Starting
28 silly runTopLevelLifecycles Finishing
29 silly install printInstalled
30 verbose stack Error: getaddrinfo EAI_AGAIN registry.npmjs.org:443
30 verbose stack     at Object.exports._errnoException (util.js:856:11)
30 verbose stack     at errnoException (dns.js:31:15)
30 verbose stack     at GetAddrInfoReqWrap.onlookup [as oncomplete] (dns.js:77:26)
31 verbose cwd /vagrant
32 error Linux 3.2.0-23-generic
33 error argv "/usr/bin/nodejs" "/usr/bin/npm" "install" "jsonwebtoken"
34 error node v5.7.0
35 error npm  v3.6.0
36 error code EAI_AGAIN
37 error errno EAI_AGAIN
38 error syscall getaddrinfo
39 error getaddrinfo EAI_AGAIN registry.npmjs.org:443
40 error If you need help, you may report this error at:
40 error     <https://github.com/npm/npm/issues>
41 verbose exit [ 1, true ]
